[DEBUG] Migration already effectively installed (skipped): \phpbb\db\migration\data\v310\notifications_cron_p2
[DEBUG] Migration already effectively installed (skipped): \phpbb\db\migration\data\v310\soft_delete_mod_convert2
[DEBUG] Migration already effectively installed (skipped): \phpbb\db\migration\data\v310\timezone
[DEBUG] Migration already effectively installed (skipped): \phpbb\db\migration\data\v310\profilefield_icq_cleanup
[DEBUG] Migration already effectively installed (skipped): \phpbb\db\migration\data\v310\avatar_types
[DEBUG] Migration already effectively installed (skipped): \phpbb\db\migration\data\v310\softdelete_p1
[DEBUG] Migration already effectively installed (skipped): \phpbb\db\migration\data\v310\profilefield_occupation
[DEBUG] Migration already effectively installed (skipped): \phpbb\db\migration\data\v310\notification_options_reconvert
[DEBUG] Migration already effectively installed (skipped): \phpbb\db\migration\data\v310\forgot_password
[DEBUG] Migration already effectively installed (skipped): \phpbb\db\migration\data\v310\notifications_schema_fix
[DEBUG] Migration already effectively installed (skipped): \phpbb\db\migration\data\v310\profilefield_aol_cleanup
[DEBUG] Migration already effectively installed (skipped): \phpbb\db\migration\data\v310\style_update_p2
[DEBUG] Migration already effectively installed (skipped): \phpbb\db\migration\data\v310\passwords_p2
[DEBUG] Migration already effectively installed (skipped): \phpbb\db\migration\data\v310\profilefield_show_novalue
[DEBUG] Migration already effectively installed (skipped): \phpbb\db\migration\data\v310\config_db_text
[DEBUG] Migration already effectively installed (skipped): \phpbb\db\migration\data\v310\profilefield_icq
[DEBUG] Migration already effectively installed (skipped): \phpbb\db\migration\data\v310\search_type
[DEBUG] Migration already effectively installed (skipped): \phpbb\db\migration\data\v310\profilefield_youtube
[DEBUG] Migration already effectively installed (skipped): \phpbb\db\migration\data\v310\profilefield_twitter
[DEBUG] Migration already effectively installed (skipped): \phpbb\db\migration\data\v310\live_searches_config
[DEBUG] Migration already effectively installed (skipped): \phpbb\db\migration\data\v310\beta4
[DEBUG] Migration already effectively installed (skipped): \phpbb\db\migration\data\v310\acp_style_components_module
[DEBUG] Migration already effectively installed (skipped): \phpbb\db\migration\data\v310\softdelete_p2
[DEBUG] Migration already effectively installed (skipped): \phpbb\db\migration\data\v310\rc1
[DEBUG] Migration already effectively installed (skipped): \phpbb\db\migration\data\v310\alpha3
[DEBUG] Migration already effectively installed (skipped): \phpbb\db\migration\data\v310\profilefield_yahoo
[DEBUG] Migration already effectively installed (skipped): \phpbb\db\migration\data\v310\signature_module_auth
[DEBUG] Migration already effectively installed (skipped): \phpbb\db\migration\data\v310\beta2
[DEBUG] Migration already effectively installed (skipped): \phpbb\db\migration\data\v310\profilefield_on_memberlist
[DEBUG] Migration already effectively installed (skipped): \phpbb\db\migration\data\v310\ucp_popuppm_module
[DEBUG] Migration already effectively installed (skipped): \phpbb\db\migration\data\v310\jquery_update2
[DEBUG] Migration already effectively installed (skipped): \phpbb\db\migration\data\v310\avatars
[DEBUG] Migration already effectively installed (skipped): \phpbb\db\migration\data\v310\notifications_cron
[DEBUG] Migration already effectively installed (skipped): \phpbb\db\migration\data\v310\profilefield_field_validation_length
[DEBUG] Migration already effectively installed (skipped): \phpbb\db\migration\data\v310\allow_cdn
[DEBUG] Migration already effectively installed (skipped): \phpbb\db\migration\data\v310\profilefield_location_cleanup
[DEBUG] Migration already effectively installed (skipped): \phpbb\db\migration\data\v310\rename_too_long_indexes
[DEBUG] Migration already effectively installed (skipped): \phpbb\db\migration\data\v310\jquery_update
[DEBUG] Migration already effectively installed (skipped): \phpbb\db\migration\data\v310\contact_admin_acp_module
[DEBUG] Migration already effectively installed (skipped): \phpbb\db\migration\data\v310\profilefield_interests
[DEBUG] Migration already effectively installed (skipped): \phpbb\db\migration\data\v310\captcha_plugins
[DEBUG] Migration already effectively installed (skipped): \phpbb\db\migration\data\v310\profilefield_yahoo_cleanup
[DEBUG] Migration already effectively installed (skipped): \phpbb\db\migration\data\v310\migrations_table
[DEBUG] Migration already effectively installed (skipped): \phpbb\db\migration\data\v310\profilefield_location
[DEBUG] Migration already effectively installed (skipped): \phpbb\db\migration\data\v310\profilefield_contact_field
[DEBUG] Migration already effectively installed (skipped): \phpbb\db\migration\data\v310\profilefield_change_load_settings
[DEBUG] Migration already effectively installed (skipped): \phpbb\db\migration\data\v310\beta1
[DEBUG] Migration already effectively installed (skipped): \phpbb\db\migration\data\v310\profilefield_types
[DEBUG] Migration already effectively installed (skipped): \phpbb\db\migration\data\v310\profilefield_wlm
[DEBUG] Migration already effectively installed (skipped): \phpbb\db\migration\data\v310\contact_admin_form
[DEBUG] Migration already effectively installed (skipped): \phpbb\db\migration\data\v310\bot_update
[DEBUG] Migration already effectively installed (skipped): \phpbb\db\migration\data\v310\rc4
[DEBUG] Migration already effectively installed (skipped): \phpbb\db\migration\data\v310\profilefield_website_cleanup
[DEBUG] Migration already effectively installed (skipped): \phpbb\db\migration\data\v310\mod_rewrite
[DEBUG] Migration already effectively installed (skipped): \phpbb\db\migration\data\v310\reported_posts_display
[DEBUG] Migration already effectively installed (skipped): \phpbb\db\migration\data\v310\profilefield_cleanup
[DEBUG] Migration already effectively installed (skipped): \phpbb\db\migration\data\v310\alpha1
[DEBUG] Migration already effectively installed (skipped): \phpbb\db\migration\data\v310\extensions
[DEBUG] Migration already effectively installed (skipped): \phpbb\db\migration\data\v310\acp_prune_users_module
[DEBUG] Migration already effectively installed (skipped): \phpbb\db\migration\data\v310\extensions_version_check_force_unstable
[DEBUG] Migration already effectively installed (skipped): \phpbb\db\migration\data\v310\notifications
[DEBUG] Migration already effectively installed (skipped): \phpbb\db\migration\data\v310\soft_delete_mod_convert
[DEBUG] Migration already effectively installed (skipped): \phpbb\db\migration\data\v310\alpha2
[DEBUG] Migration already effectively installed (skipped): \phpbb\db\migration\data\v310\namespaces
[DEBUG] Migration already effectively installed (skipped): \phpbb\db\migration\data\v310\profilefield_wlm_cleanup
[DEBUG] Migration already effectively installed (skipped): \phpbb\db\migration\data\v310\reset_missing_captcha_plugin
[DEBUG] Migration already effectively installed (skipped): \phpbb\db\migration\data\v310\gold
[DEBUG] Migration already effectively installed (skipped): \phpbb\db\migration\data\v310\auth_provider_oauth
[DEBUG] Migration already effectively installed (skipped): \phpbb\db\migration\data\v310\plupload
[DEBUG] Migration already effectively installed (skipped): \phpbb\db\migration\data\v310\topic_sort_username
[DEBUG] Migration already effectively installed (skipped): \phpbb\db\migration\data\v310\profilefield_skype
[DEBUG] Migration already effectively installed (skipped): \phpbb\db\migration\data\v310\profilefield_website
[DEBUG] Migration already effectively installed (skipped): \phpbb\db\migration\data\v310\passwords
[DEBUG] Migration already effectively installed (skipped): \phpbb\db\migration\data\v310\mysql_fulltext_drop
[DEBUG] Migration already effectively installed (skipped): \phpbb\db\migration\data\v310\postgres_fulltext_drop
[DEBUG] Migration already effectively installed (skipped): \phpbb\db\migration\data\v310\profilefield_facebook
[DEBUG] Migration already effectively installed (skipped): \phpbb\db\migration\data\v310\rc3
[DEBUG] Migration already effectively installed (skipped): \phpbb\db\migration\data\v310\rc2
[DEBUG] Migration already effectively installed (skipped): \phpbb\db\migration\data\v310\dev
[DEBUG] Migration already effectively installed (skipped): \phpbb\db\migration\data\v310\teampage
[DEBUG] Migration already effectively installed (skipped): \phpbb\db\migration\data\v310\remove_acp_styles_cache
[DEBUG] Migration already effectively installed (skipped): \phpbb\db\migration\data\v310\rc6
[DEBUG] Migration already effectively installed (skipped): \phpbb\db\migration\data\v310\prune_shadow_topics
[DEBUG] Migration already effectively installed (skipped): \phpbb\db\migration\data\v310\profilefield_googleplus
[DEBUG] Migration already effectively installed (skipped): \phpbb\db\migration\data\v310\timezone_p2
[DEBUG] Migration already effectively installed (skipped): \phpbb\db\migration\data\v310\boardindex
[DEBUG] Migration already effectively installed (skipped): \phpbb\db\migration\data\v310\beta3
[DEBUG] Migration already effectively installed (skipped): \phpbb\db\migration\data\v310\style_update_p1
[DEBUG] Migration already effectively installed (skipped): \phpbb\db\migration\data\v310\notifications_use_full_name
[DEBUG] Migration already effectively installed (skipped): \phpbb\db\migration\data\v310\softdelete_mcp_modules
[DEBUG] Migration already effectively installed (skipped): \phpbb\db\migration\data\v310\board_contact_name
[DEBUG] Migration already effectively installed (skipped): \phpbb\db\migration\data\v310\rc5
[DEBUG] Migration already effectively installed (skipped): \phpbb\db\migration\data\v310\profilefield_aol
[DEBUG] Migration already effectively installed (skipped): \phpbb\db\migration\data\v310\passwords_convert_p1
[DEBUG] Migration already effectively installed (skipped): \phpbb\db\migration\data\v310\auth_provider_oauth2
[DEBUG] Migration already effectively installed (skipped): \phpbb\db\migration\data\v310\passwords_convert_p2
[DEBUG] Migration already effectively installed (skipped): \phpbb\db\migration\data\v31x\v314rc2
[DEBUG] Migration already effectively installed (skipped): \phpbb\db\migration\data\v31x\v316rc1
[DEBUG] Migration already effectively installed (skipped): \phpbb\db\migration\data\v31x\v312rc1
[DEBUG] Migration already effectively installed (skipped): \phpbb\db\migration\data\v31x\v317rc1
[DEBUG] Migration already effectively installed (skipped): \phpbb\db\migration\data\v31x\v315rc1
[DEBUG] Apply dependencies of \phpbb\db\migration\data\v31x\v3110rc1.
[DEBUG] Installing Schema: \phpbb\db\migration\data\v31x\v3110rc1.
[INFO] Installed Schema: \phpbb\db\migration\data\v31x\v3110rc1; Time: 0.00 seconds
[DEBUG] Migration already effectively installed (skipped): \phpbb\db\migration\data\v310\notifications_cron_p2
[DEBUG] Migration already effectively installed (skipped): \phpbb\db\migration\data\v310\soft_delete_mod_convert2
[DEBUG] Migration already effectively installed (skipped): \phpbb\db\migration\data\v310\timezone
[DEBUG] Migration already effectively installed (skipped): \phpbb\db\migration\data\v310\profilefield_icq_cleanup
[DEBUG] Migration already effectively installed (skipped): \phpbb\db\migration\data\v310\avatar_types
[DEBUG] Migration already effectively installed (skipped): \phpbb\db\migration\data\v310\softdelete_p1
[DEBUG] Migration already effectively installed (skipped): \phpbb\db\migration\data\v310\profilefield_occupation
[DEBUG] Migration already effectively installed (skipped): \phpbb\db\migration\data\v310\notification_options_reconvert
[DEBUG] Migration already effectively installed (skipped): \phpbb\db\migration\data\v310\forgot_password
[DEBUG] Migration already effectively installed (skipped): \phpbb\db\migration\data\v310\notifications_schema_fix
[DEBUG] Migration already effectively installed (skipped): \phpbb\db\migration\data\v310\profilefield_aol_cleanup
[DEBUG] Migration already effectively installed (skipped): \phpbb\db\migration\data\v310\style_update_p2
[DEBUG] Migration already effectively installed (skipped): \phpbb\db\migration\data\v310\passwords_p2
[DEBUG] Migration already effectively installed (skipped): \phpbb\db\migration\data\v310\profilefield_show_novalue
[DEBUG] Migration already effectively installed (skipped): \phpbb\db\migration\data\v310\config_db_text
[DEBUG] Migration already effectively installed (skipped): \phpbb\db\migration\data\v310\profilefield_icq
[DEBUG] Migration already effectively installed (skipped): \phpbb\db\migration\data\v310\search_type
[DEBUG] Migration already effectively installed (skipped): \phpbb\db\migration\data\v310\profilefield_youtube
[DEBUG] Migration already effectively installed (skipped): \phpbb\db\migration\data\v310\profilefield_twitter
[DEBUG] Migration already effectively installed (skipped): \phpbb\db\migration\data\v310\live_searches_config
[DEBUG] Migration already effectively installed (skipped): \phpbb\db\migration\data\v310\beta4
[DEBUG] Migration already effectively installed (skipped): \phpbb\db\migration\data\v310\acp_style_components_module
[DEBUG] Migration already effectively installed (skipped): \phpbb\db\migration\data\v310\softdelete_p2
[DEBUG] Migration already effectively installed (skipped): \phpbb\db\migration\data\v310\rc1
[DEBUG] Migration already effectively installed (skipped): \phpbb\db\migration\data\v310\alpha3
[DEBUG] Migration already effectively installed (skipped): \phpbb\db\migration\data\v310\profilefield_yahoo
[DEBUG] Migration already effectively installed (skipped): \phpbb\db\migration\data\v310\signature_module_auth
[DEBUG] Migration already effectively installed (skipped): \phpbb\db\migration\data\v310\beta2
[DEBUG] Migration already effectively installed (skipped): \phpbb\db\migration\data\v310\profilefield_on_memberlist
[DEBUG] Migration already effectively installed (skipped): \phpbb\db\migration\data\v310\ucp_popuppm_module
[DEBUG] Migration already effectively installed (skipped): \phpbb\db\migration\data\v310\jquery_update2
[DEBUG] Migration already effectively installed (skipped): \phpbb\db\migration\data\v310\avatars
[DEBUG] Migration already effectively installed (skipped): \phpbb\db\migration\data\v310\notifications_cron
[DEBUG] Migration already effectively installed (skipped): \phpbb\db\migration\data\v310\profilefield_field_validation_length
[DEBUG] Migration already effectively installed (skipped): \phpbb\db\migration\data\v310\allow_cdn
[DEBUG] Migration already effectively installed (skipped): \phpbb\db\migration\data\v310\profilefield_location_cleanup
[DEBUG] Migration already effectively installed (skipped): \phpbb\db\migration\data\v310\rename_too_long_indexes
[DEBUG] Migration already effectively installed (skipped): \phpbb\db\migration\data\v310\jquery_update
[DEBUG] Migration already effectively installed (skipped): \phpbb\db\migration\data\v310\contact_admin_acp_module
[DEBUG] Migration already effectively installed (skipped): \phpbb\db\migration\data\v310\profilefield_interests
[DEBUG] Migration already effectively installed (skipped): \phpbb\db\migration\data\v310\captcha_plugins
[DEBUG] Migration already effectively installed (skipped): \phpbb\db\migration\data\v310\profilefield_yahoo_cleanup
[DEBUG] Migration already effectively installed (skipped): \phpbb\db\migration\data\v310\migrations_table
[DEBUG] Migration already effectively installed (skipped): \phpbb\db\migration\data\v310\profilefield_location
[DEBUG] Migration already effectively installed (skipped): \phpbb\db\migration\data\v310\profilefield_contact_field
[DEBUG] Migration already effectively installed (skipped): \phpbb\db\migration\data\v310\profilefield_change_load_settings
[DEBUG] Migration already effectively installed (skipped): \phpbb\db\migration\data\v310\beta1
[DEBUG] Migration already effectively installed (skipped): \phpbb\db\migration\data\v310\profilefield_types
[DEBUG] Migration already effectively installed (skipped): \phpbb\db\migration\data\v310\profilefield_wlm
[DEBUG] Migration already effectively installed (skipped): \phpbb\db\migration\data\v310\contact_admin_form
[DEBUG] Migration already effectively installed (skipped): \phpbb\db\migration\data\v310\bot_update
[DEBUG] Migration already effectively installed (skipped): \phpbb\db\migration\data\v310\rc4
[DEBUG] Migration already effectively installed (skipped): \phpbb\db\migration\data\v310\profilefield_website_cleanup
[DEBUG] Migration already effectively installed (skipped): \phpbb\db\migration\data\v310\mod_rewrite
[DEBUG] Migration already effectively installed (skipped): \phpbb\db\migration\data\v310\reported_posts_display
[DEBUG] Migration already effectively installed (skipped): \phpbb\db\migration\data\v310\profilefield_cleanup
[DEBUG] Migration already effectively installed (skipped): \phpbb\db\migration\data\v310\alpha1
[DEBUG] Migration already effectively installed (skipped): \phpbb\db\migration\data\v310\extensions
[DEBUG] Migration already effectively installed (skipped): \phpbb\db\migration\data\v310\acp_prune_users_module
[DEBUG] Migration already effectively installed (skipped): \phpbb\db\migration\data\v310\extensions_version_check_force_unstable
[DEBUG] Migration already effectively installed (skipped): \phpbb\db\migration\data\v310\notifications
[DEBUG] Migration already effectively installed (skipped): \phpbb\db\migration\data\v310\soft_delete_mod_convert
[DEBUG] Migration already effectively installed (skipped): \phpbb\db\migration\data\v310\alpha2
[DEBUG] Migration already effectively installed (skipped): \phpbb\db\migration\data\v310\namespaces
[DEBUG] Migration already effectively installed (skipped): \phpbb\db\migration\data\v310\profilefield_wlm_cleanup
[DEBUG] Migration already effectively installed (skipped): \phpbb\db\migration\data\v310\reset_missing_captcha_plugin
[DEBUG] Migration already effectively installed (skipped): \phpbb\db\migration\data\v310\gold
[DEBUG] Migration already effectively installed (skipped): \phpbb\db\migration\data\v310\auth_provider_oauth
[DEBUG] Migration already effectively installed (skipped): \phpbb\db\migration\data\v310\plupload
[DEBUG] Migration already effectively installed (skipped): \phpbb\db\migration\data\v310\topic_sort_username
[DEBUG] Migration already effectively installed (skipped): \phpbb\db\migration\data\v310\profilefield_skype
[DEBUG] Migration already effectively installed (skipped): \phpbb\db\migration\data\v310\profilefield_website
[DEBUG] Migration already effectively installed (skipped): \phpbb\db\migration\data\v310\passwords
[DEBUG] Migration already effectively installed (skipped): \phpbb\db\migration\data\v310\mysql_fulltext_drop
[DEBUG] Migration already effectively installed (skipped): \phpbb\db\migration\data\v310\postgres_fulltext_drop
[DEBUG] Migration already effectively installed (skipped): \phpbb\db\migration\data\v310\profilefield_facebook
[DEBUG] Migration already effectively installed (skipped): \phpbb\db\migration\data\v310\rc3
[DEBUG] Migration already effectively installed (skipped): \phpbb\db\migration\data\v310\rc2
[DEBUG] Migration already effectively installed (skipped): \phpbb\db\migration\data\v310\dev
[DEBUG] Migration already effectively installed (skipped): \phpbb\db\migration\data\v310\teampage
[DEBUG] Migration already effectively installed (skipped): \phpbb\db\migration\data\v310\remove_acp_styles_cache
[DEBUG] Migration already effectively installed (skipped): \phpbb\db\migration\data\v310\rc6
[DEBUG] Migration already effectively installed (skipped): \phpbb\db\migration\data\v310\prune_shadow_topics
[DEBUG] Migration already effectively installed (skipped): \phpbb\db\migration\data\v310\profilefield_googleplus
[DEBUG] Migration already effectively installed (skipped): \phpbb\db\migration\data\v310\timezone_p2
[DEBUG] Migration already effectively installed (skipped): \phpbb\db\migration\data\v310\boardindex
[DEBUG] Migration already effectively installed (skipped): \phpbb\db\migration\data\v310\beta3
[DEBUG] Migration already effectively installed (skipped): \phpbb\db\migration\data\v310\style_update_p1
[DEBUG] Migration already effectively installed (skipped): \phpbb\db\migration\data\v310\notifications_use_full_name
[DEBUG] Migration already effectively installed (skipped): \phpbb\db\migration\data\v310\softdelete_mcp_modules
[DEBUG] Migration already effectively installed (skipped): \phpbb\db\migration\data\v310\board_contact_name
[DEBUG] Migration already effectively installed (skipped): \phpbb\db\migration\data\v310\rc5
[DEBUG] Migration already effectively installed (skipped): \phpbb\db\migration\data\v310\profilefield_aol
[DEBUG] Migration already effectively installed (skipped): \phpbb\db\migration\data\v310\passwords_convert_p1
[DEBUG] Migration already effectively installed (skipped): \phpbb\db\migration\data\v310\auth_provider_oauth2
[DEBUG] Migration already effectively installed (skipped): \phpbb\db\migration\data\v310\passwords_convert_p2
[DEBUG] Migration already effectively installed (skipped): \phpbb\db\migration\data\v31x\v314rc2
[DEBUG] Migration already effectively installed (skipped): \phpbb\db\migration\data\v31x\v316rc1
[DEBUG] Migration already effectively installed (skipped): \phpbb\db\migration\data\v31x\v312rc1
[DEBUG] Migration already effectively installed (skipped): \phpbb\db\migration\data\v31x\v317rc1
[DEBUG] Migration already effectively installed (skipped): \phpbb\db\migration\data\v31x\v315rc1
[DEBUG] Apply dependencies of \phpbb\db\migration\data\v31x\v3110rc1.
[DEBUG] Installing Data: \phpbb\db\migration\data\v31x\v3110rc1.
[INFO] Installed Data: \phpbb\db\migration\data\v31x\v3110rc1; Time: 0.00 seconds
[DEBUG] Migration already effectively installed (skipped): \phpbb\db\migration\data\v310\notifications_cron_p2
[DEBUG] Migration already effectively installed (skipped): \phpbb\db\migration\data\v310\soft_delete_mod_convert2
[DEBUG] Migration already effectively installed (skipped): \phpbb\db\migration\data\v310\timezone
[DEBUG] Migration already effectively installed (skipped): \phpbb\db\migration\data\v310\profilefield_icq_cleanup
[DEBUG] Migration already effectively installed (skipped): \phpbb\db\migration\data\v310\avatar_types
[DEBUG] Migration already effectively installed (skipped): \phpbb\db\migration\data\v310\softdelete_p1
[DEBUG] Migration already effectively installed (skipped): \phpbb\db\migration\data\v310\profilefield_occupation
[DEBUG] Migration already effectively installed (skipped): \phpbb\db\migration\data\v310\notification_options_reconvert
[DEBUG] Migration already effectively installed (skipped): \phpbb\db\migration\data\v310\forgot_password
[DEBUG] Migration already effectively installed (skipped): \phpbb\db\migration\data\v310\notifications_schema_fix
[DEBUG] Migration already effectively installed (skipped): \phpbb\db\migration\data\v310\profilefield_aol_cleanup
[DEBUG] Migration already effectively installed (skipped): \phpbb\db\migration\data\v310\style_update_p2
[DEBUG] Migration already effectively installed (skipped): \phpbb\db\migration\data\v310\passwords_p2
[DEBUG] Migration already effectively installed (skipped): \phpbb\db\migration\data\v310\profilefield_show_novalue
[DEBUG] Migration already effectively installed (skipped): \phpbb\db\migration\data\v310\config_db_text
[DEBUG] Migration already effectively installed (skipped): \phpbb\db\migration\data\v310\profilefield_icq
[DEBUG] Migration already effectively installed (skipped): \phpbb\db\migration\data\v310\search_type
[DEBUG] Migration already effectively installed (skipped): \phpbb\db\migration\data\v310\profilefield_youtube
[DEBUG] Migration already effectively installed (skipped): \phpbb\db\migration\data\v310\profilefield_twitter
[DEBUG] Migration already effectively installed (skipped): \phpbb\db\migration\data\v310\live_searches_config
[DEBUG] Migration already effectively installed (skipped): \phpbb\db\migration\data\v310\beta4
[DEBUG] Migration already effectively installed (skipped): \phpbb\db\migration\data\v310\acp_style_components_module
[DEBUG] Migration already effectively installed (skipped): \phpbb\db\migration\data\v310\softdelete_p2
[DEBUG] Migration already effectively installed (skipped): \phpbb\db\migration\data\v310\rc1
[DEBUG] Migration already effectively installed (skipped): \phpbb\db\migration\data\v310\alpha3
[DEBUG] Migration already effectively installed (skipped): \phpbb\db\migration\data\v310\profilefield_yahoo
[DEBUG] Migration already effectively installed (skipped): \phpbb\db\migration\data\v310\signature_module_auth
[DEBUG] Migration already effectively installed (skipped): \phpbb\db\migration\data\v310\beta2
[DEBUG] Migration already effectively installed (skipped): \phpbb\db\migration\data\v310\profilefield_on_memberlist
[DEBUG] Migration already effectively installed (skipped): \phpbb\db\migration\data\v310\ucp_popuppm_module
[DEBUG] Migration already effectively installed (skipped): \phpbb\db\migration\data\v310\jquery_update2
[DEBUG] Migration already effectively installed (skipped): \phpbb\db\migration\data\v310\avatars
[DEBUG] Migration already effectively installed (skipped): \phpbb\db\migration\data\v310\notifications_cron
[DEBUG] Migration already effectively installed (skipped): \phpbb\db\migration\data\v310\profilefield_field_validation_length
[DEBUG] Migration already effectively installed (skipped): \phpbb\db\migration\data\v310\allow_cdn
[DEBUG] Migration already effectively installed (skipped): \phpbb\db\migration\data\v310\profilefield_location_cleanup
[DEBUG] Migration already effectively installed (skipped): \phpbb\db\migration\data\v310\rename_too_long_indexes
[DEBUG] Migration already effectively installed (skipped): \phpbb\db\migration\data\v310\jquery_update
[DEBUG] Migration already effectively installed (skipped): \phpbb\db\migration\data\v310\contact_admin_acp_module
[DEBUG] Migration already effectively installed (skipped): \phpbb\db\migration\data\v310\profilefield_interests
[DEBUG] Migration already effectively installed (skipped): \phpbb\db\migration\data\v310\captcha_plugins
[DEBUG] Migration already effectively installed (skipped): \phpbb\db\migration\data\v310\profilefield_yahoo_cleanup
[DEBUG] Migration already effectively installed (skipped): \phpbb\db\migration\data\v310\migrations_table
[DEBUG] Migration already effectively installed (skipped): \phpbb\db\migration\data\v310\profilefield_location
[DEBUG] Migration already effectively installed (skipped): \phpbb\db\migration\data\v310\profilefield_contact_field
[DEBUG] Migration already effectively installed (skipped): \phpbb\db\migration\data\v310\profilefield_change_load_settings
[DEBUG] Migration already effectively installed (skipped): \phpbb\db\migration\data\v310\beta1
[DEBUG] Migration already effectively installed (skipped): \phpbb\db\migration\data\v310\profilefield_types
[DEBUG] Migration already effectively installed (skipped): \phpbb\db\migration\data\v310\profilefield_wlm
[DEBUG] Migration already effectively installed (skipped): \phpbb\db\migration\data\v310\contact_admin_form
[DEBUG] Migration already effectively installed (skipped): \phpbb\db\migration\data\v310\bot_update
[DEBUG] Migration already effectively installed (skipped): \phpbb\db\migration\data\v310\rc4
[DEBUG] Migration already effectively installed (skipped): \phpbb\db\migration\data\v310\profilefield_website_cleanup
[DEBUG] Migration already effectively installed (skipped): \phpbb\db\migration\data\v310\mod_rewrite
[DEBUG] Migration already effectively installed (skipped): \phpbb\db\migration\data\v310\reported_posts_display
[DEBUG] Migration already effectively installed (skipped): \phpbb\db\migration\data\v310\profilefield_cleanup
[DEBUG] Migration already effectively installed (skipped): \phpbb\db\migration\data\v310\alpha1
[DEBUG] Migration already effectively installed (skipped): \phpbb\db\migration\data\v310\extensions
[DEBUG] Migration already effectively installed (skipped): \phpbb\db\migration\data\v310\acp_prune_users_module
[DEBUG] Migration already effectively installed (skipped): \phpbb\db\migration\data\v310\extensions_version_check_force_unstable
[DEBUG] Migration already effectively installed (skipped): \phpbb\db\migration\data\v310\notifications
[DEBUG] Migration already effectively installed (skipped): \phpbb\db\migration\data\v310\soft_delete_mod_convert
[DEBUG] Migration already effectively installed (skipped): \phpbb\db\migration\data\v310\alpha2
[DEBUG] Migration already effectively installed (skipped): \phpbb\db\migration\data\v310\namespaces
[DEBUG] Migration already effectively installed (skipped): \phpbb\db\migration\data\v310\profilefield_wlm_cleanup
[DEBUG] Migration already effectively installed (skipped): \phpbb\db\migration\data\v310\reset_missing_captcha_plugin
[DEBUG] Migration already effectively installed (skipped): \phpbb\db\migration\data\v310\gold
[DEBUG] Migration already effectively installed (skipped): \phpbb\db\migration\data\v310\auth_provider_oauth
[DEBUG] Migration already effectively installed (skipped): \phpbb\db\migration\data\v310\plupload
[DEBUG] Migration already effectively installed (skipped): \phpbb\db\migration\data\v310\topic_sort_username
[DEBUG] Migration already effectively installed (skipped): \phpbb\db\migration\data\v310\profilefield_skype
[DEBUG] Migration already effectively installed (skipped): \phpbb\db\migration\data\v310\profilefield_website
[DEBUG] Migration already effectively installed (skipped): \phpbb\db\migration\data\v310\passwords
[DEBUG] Migration already effectively installed (skipped): \phpbb\db\migration\data\v310\mysql_fulltext_drop
[DEBUG] Migration already effectively installed (skipped): \phpbb\db\migration\data\v310\postgres_fulltext_drop
[DEBUG] Migration already effectively installed (skipped): \phpbb\db\migration\data\v310\profilefield_facebook
[DEBUG] Migration already effectively installed (skipped): \phpbb\db\migration\data\v310\rc3
[DEBUG] Migration already effectively installed (skipped): \phpbb\db\migration\data\v310\rc2
[DEBUG] Migration already effectively installed (skipped): \phpbb\db\migration\data\v310\dev
[DEBUG] Migration already effectively installed (skipped): \phpbb\db\migration\data\v310\teampage
[DEBUG] Migration already effectively installed (skipped): \phpbb\db\migration\data\v310\remove_acp_styles_cache
[DEBUG] Migration already effectively installed (skipped): \phpbb\db\migration\data\v310\rc6
[DEBUG] Migration already effectively installed (skipped): \phpbb\db\migration\data\v310\prune_shadow_topics
[DEBUG] Migration already effectively installed (skipped): \phpbb\db\migration\data\v310\profilefield_googleplus
[DEBUG] Migration already effectively installed (skipped): \phpbb\db\migration\data\v310\timezone_p2
[DEBUG] Migration already effectively installed (skipped): \phpbb\db\migration\data\v310\boardindex
[DEBUG] Migration already effectively installed (skipped): \phpbb\db\migration\data\v310\beta3
[DEBUG] Migration already effectively installed (skipped): \phpbb\db\migration\data\v310\style_update_p1
[DEBUG] Migration already effectively installed (skipped): \phpbb\db\migration\data\v310\notifications_use_full_name
[DEBUG] Migration already effectively installed (skipped): \phpbb\db\migration\data\v310\softdelete_mcp_modules
[DEBUG] Migration already effectively installed (skipped): \phpbb\db\migration\data\v310\board_contact_name
[DEBUG] Migration already effectively installed (skipped): \phpbb\db\migration\data\v310\rc5
[DEBUG] Migration already effectively installed (skipped): \phpbb\db\migration\data\v310\profilefield_aol
[DEBUG] Migration already effectively installed (skipped): \phpbb\db\migration\data\v310\passwords_convert_p1
[DEBUG] Migration already effectively installed (skipped): \phpbb\db\migration\data\v310\auth_provider_oauth2
[DEBUG] Migration already effectively installed (skipped): \phpbb\db\migration\data\v310\passwords_convert_p2
[DEBUG] Migration already effectively installed (skipped): \phpbb\db\migration\data\v31x\v314rc2
[DEBUG] Migration already effectively installed (skipped): \phpbb\db\migration\data\v31x\v316rc1
[DEBUG] Migration already effectively installed (skipped): \phpbb\db\migration\data\v31x\v312rc1
[DEBUG] Migration already effectively installed (skipped): \phpbb\db\migration\data\v31x\v317rc1
[DEBUG] Migration already effectively installed (skipped): \phpbb\db\migration\data\v31x\v315rc1
[DEBUG] Migration already effectively installed (skipped): \phpbb\db\migration\data\v31x\v3110rc1
[DEBUG] Migration already effectively installed (skipped): \phpbb\db\migration\data\v31x\v317pl1
[DEBUG] Apply dependencies of \phpbb\db\migration\data\v31x\v3110.
[DEBUG] Installing Schema: \phpbb\db\migration\data\v31x\v3110.
[INFO] Installed Schema: \phpbb\db\migration\data\v31x\v3110; Time: 0.00 seconds
[DEBUG] Migration already effectively installed (skipped): \phpbb\db\migration\data\v310\notifications_cron_p2
[DEBUG] Migration already effectively installed (skipped): \phpbb\db\migration\data\v310\soft_delete_mod_convert2
[DEBUG] Migration already effectively installed (skipped): \phpbb\db\migration\data\v310\timezone
[DEBUG] Migration already effectively installed (skipped): \phpbb\db\migration\data\v310\profilefield_icq_cleanup
[DEBUG] Migration already effectively installed (skipped): \phpbb\db\migration\data\v310\avatar_types
[DEBUG] Migration already effectively installed (skipped): \phpbb\db\migration\data\v310\softdelete_p1
[DEBUG] Migration already effectively installed (skipped): \phpbb\db\migration\data\v310\profilefield_occupation
[DEBUG] Migration already effectively installed (skipped): \phpbb\db\migration\data\v310\notification_options_reconvert
[DEBUG] Migration already effectively installed (skipped): \phpbb\db\migration\data\v310\forgot_password
[DEBUG] Migration already effectively installed (skipped): \phpbb\db\migration\data\v310\notifications_schema_fix
[DEBUG] Migration already effectively installed (skipped): \phpbb\db\migration\data\v310\profilefield_aol_cleanup
[DEBUG] Migration already effectively installed (skipped): \phpbb\db\migration\data\v310\style_update_p2
[DEBUG] Migration already effectively installed (skipped): \phpbb\db\migration\data\v310\passwords_p2
[DEBUG] Migration already effectively installed (skipped): \phpbb\db\migration\data\v310\profilefield_show_novalue
[DEBUG] Migration already effectively installed (skipped): \phpbb\db\migration\data\v310\config_db_text
[DEBUG] Migration already effectively installed (skipped): \phpbb\db\migration\data\v310\profilefield_icq
[DEBUG] Migration already effectively installed (skipped): \phpbb\db\migration\data\v310\search_type
[DEBUG] Migration already effectively installed (skipped): \phpbb\db\migration\data\v310\profilefield_youtube
[DEBUG] Migration already effectively installed (skipped): \phpbb\db\migration\data\v310\profilefield_twitter
[DEBUG] Migration already effectively installed (skipped): \phpbb\db\migration\data\v310\live_searches_config
[DEBUG] Migration already effectively installed (skipped): \phpbb\db\migration\data\v310\beta4
[DEBUG] Migration already effectively installed (skipped): \phpbb\db\migration\data\v310\acp_style_components_module
[DEBUG] Migration already effectively installed (skipped): \phpbb\db\migration\data\v310\softdelete_p2
[DEBUG] Migration already effectively installed (skipped): \phpbb\db\migration\data\v310\rc1
[DEBUG] Migration already effectively installed (skipped): \phpbb\db\migration\data\v310\alpha3
[DEBUG] Migration already effectively installed (skipped): \phpbb\db\migration\data\v310\profilefield_yahoo
[DEBUG] Migration already effectively installed (skipped): \phpbb\db\migration\data\v310\signature_module_auth
[DEBUG] Migration already effectively installed (skipped): \phpbb\db\migration\data\v310\beta2
[DEBUG] Migration already effectively installed (skipped): \phpbb\db\migration\data\v310\profilefield_on_memberlist
[DEBUG] Migration already effectively installed (skipped): \phpbb\db\migration\data\v310\ucp_popuppm_module
[DEBUG] Migration already effectively installed (skipped): \phpbb\db\migration\data\v310\jquery_update2
[DEBUG] Migration already effectively installed (skipped): \phpbb\db\migration\data\v310\avatars
[DEBUG] Migration already effectively installed (skipped): \phpbb\db\migration\data\v310\notifications_cron
[DEBUG] Migration already effectively installed (skipped): \phpbb\db\migration\data\v310\profilefield_field_validation_length
[DEBUG] Migration already effectively installed (skipped): \phpbb\db\migration\data\v310\allow_cdn
[DEBUG] Migration already effectively installed (skipped): \phpbb\db\migration\data\v310\profilefield_location_cleanup
[DEBUG] Migration already effectively installed (skipped): \phpbb\db\migration\data\v310\rename_too_long_indexes
[DEBUG] Migration already effectively installed (skipped): \phpbb\db\migration\data\v310\jquery_update
[DEBUG] Migration already effectively installed (skipped): \phpbb\db\migration\data\v310\contact_admin_acp_module
[DEBUG] Migration already effectively installed (skipped): \phpbb\db\migration\data\v310\profilefield_interests
[DEBUG] Migration already effectively installed (skipped): \phpbb\db\migration\data\v310\captcha_plugins
[DEBUG] Migration already effectively installed (skipped): \phpbb\db\migration\data\v310\profilefield_yahoo_cleanup
[DEBUG] Migration already effectively installed (skipped): \phpbb\db\migration\data\v310\migrations_table
[DEBUG] Migration already effectively installed (skipped): \phpbb\db\migration\data\v310\profilefield_location
[DEBUG] Migration already effectively installed (skipped): \phpbb\db\migration\data\v310\profilefield_contact_field
[DEBUG] Migration already effectively installed (skipped): \phpbb\db\migration\data\v310\profilefield_change_load_settings
[DEBUG] Migration already effectively installed (skipped): \phpbb\db\migration\data\v310\beta1
[DEBUG] Migration already effectively installed (skipped): \phpbb\db\migration\data\v310\profilefield_types
[DEBUG] Migration already effectively installed (skipped): \phpbb\db\migration\data\v310\profilefield_wlm
[DEBUG] Migration already effectively installed (skipped): \phpbb\db\migration\data\v310\contact_admin_form
[DEBUG] Migration already effectively installed (skipped): \phpbb\db\migration\data\v310\bot_update
[DEBUG] Migration already effectively installed (skipped): \phpbb\db\migration\data\v310\rc4
[DEBUG] Migration already effectively installed (skipped): \phpbb\db\migration\data\v310\profilefield_website_cleanup
[DEBUG] Migration already effectively installed (skipped): \phpbb\db\migration\data\v310\mod_rewrite
[DEBUG] Migration already effectively installed (skipped): \phpbb\db\migration\data\v310\reported_posts_display
[DEBUG] Migration already effectively installed (skipped): \phpbb\db\migration\data\v310\profilefield_cleanup
[DEBUG] Migration already effectively installed (skipped): \phpbb\db\migration\data\v310\alpha1
[DEBUG] Migration already effectively installed (skipped): \phpbb\db\migration\data\v310\extensions
[DEBUG] Migration already effectively installed (skipped): \phpbb\db\migration\data\v310\acp_prune_users_module
[DEBUG] Migration already effectively installed (skipped): \phpbb\db\migration\data\v310\extensions_version_check_force_unstable
[DEBUG] Migration already effectively installed (skipped): \phpbb\db\migration\data\v310\notifications
[DEBUG] Migration already effectively installed (skipped): \phpbb\db\migration\data\v310\soft_delete_mod_convert
[DEBUG] Migration already effectively installed (skipped): \phpbb\db\migration\data\v310\alpha2
[DEBUG] Migration already effectively installed (skipped): \phpbb\db\migration\data\v310\namespaces
[DEBUG] Migration already effectively installed (skipped): \phpbb\db\migration\data\v310\profilefield_wlm_cleanup
[DEBUG] Migration already effectively installed (skipped): \phpbb\db\migration\data\v310\reset_missing_captcha_plugin
[DEBUG] Migration already effectively installed (skipped): \phpbb\db\migration\data\v310\gold
[DEBUG] Migration already effectively installed (skipped): \phpbb\db\migration\data\v310\auth_provider_oauth
[DEBUG] Migration already effectively installed (skipped): \phpbb\db\migration\data\v310\plupload
[DEBUG] Migration already effectively installed (skipped): \phpbb\db\migration\data\v310\topic_sort_username
[DEBUG] Migration already effectively installed (skipped): \phpbb\db\migration\data\v310\profilefield_skype
[DEBUG] Migration already effectively installed (skipped): \phpbb\db\migration\data\v310\profilefield_website
[DEBUG] Migration already effectively installed (skipped): \phpbb\db\migration\data\v310\passwords
[DEBUG] Migration already effectively installed (skipped): \phpbb\db\migration\data\v310\mysql_fulltext_drop
[DEBUG] Migration already effectively installed (skipped): \phpbb\db\migration\data\v310\postgres_fulltext_drop
[DEBUG] Migration already effectively installed (skipped): \phpbb\db\migration\data\v310\profilefield_facebook
[DEBUG] Migration already effectively installed (skipped): \phpbb\db\migration\data\v310\rc3
[DEBUG] Migration already effectively installed (skipped): \phpbb\db\migration\data\v310\rc2
[DEBUG] Migration already effectively installed (skipped): \phpbb\db\migration\data\v310\dev
[DEBUG] Migration already effectively installed (skipped): \phpbb\db\migration\data\v310\teampage
[DEBUG] Migration already effectively installed (skipped): \phpbb\db\migration\data\v310\remove_acp_styles_cache
[DEBUG] Migration already effectively installed (skipped): \phpbb\db\migration\data\v310\rc6
[DEBUG] Migration already effectively installed (skipped): \phpbb\db\migration\data\v310\prune_shadow_topics
[DEBUG] Migration already effectively installed (skipped): \phpbb\db\migration\data\v310\profilefield_googleplus
[DEBUG] Migration already effectively installed (skipped): \phpbb\db\migration\data\v310\timezone_p2
[DEBUG] Migration already effectively installed (skipped): \phpbb\db\migration\data\v310\boardindex
[DEBUG] Migration already effectively installed (skipped): \phpbb\db\migration\data\v310\beta3
[DEBUG] Migration already effectively installed (skipped): \phpbb\db\migration\data\v310\style_update_p1
[DEBUG] Migration already effectively installed (skipped): \phpbb\db\migration\data\v310\notifications_use_full_name
[DEBUG] Migration already effectively installed (skipped): \phpbb\db\migration\data\v310\softdelete_mcp_modules
[DEBUG] Migration already effectively installed (skipped): \phpbb\db\migration\data\v310\board_contact_name
[DEBUG] Migration already effectively installed (skipped): \phpbb\db\migration\data\v310\rc5
[DEBUG] Migration already effectively installed (skipped): \phpbb\db\migration\data\v310\profilefield_aol
[DEBUG] Migration already effectively installed (skipped): \phpbb\db\migration\data\v310\passwords_convert_p1
[DEBUG] Migration already effectively installed (skipped): \phpbb\db\migration\data\v310\auth_provider_oauth2
[DEBUG] Migration already effectively installed (skipped): \phpbb\db\migration\data\v310\passwords_convert_p2
[DEBUG] Migration already effectively installed (skipped): \phpbb\db\migration\data\v31x\v314rc2
[DEBUG] Migration already effectively installed (skipped): \phpbb\db\migration\data\v31x\v316rc1
[DEBUG] Migration already effectively installed (skipped): \phpbb\db\migration\data\v31x\v312rc1
[DEBUG] Migration already effectively installed (skipped): \phpbb\db\migration\data\v31x\v317rc1
[DEBUG] Migration already effectively installed (skipped): \phpbb\db\migration\data\v31x\v315rc1
[DEBUG] Migration already effectively installed (skipped): \phpbb\db\migration\data\v31x\v3110rc1
[DEBUG] Migration already effectively installed (skipped): \phpbb\db\migration\data\v31x\v317pl1
[DEBUG] Apply dependencies of \phpbb\db\migration\data\v31x\v3110.
[DEBUG] Installing Data: \phpbb\db\migration\data\v31x\v3110.
[INFO] Installed Data: \phpbb\db\migration\data\v31x\v3110; Time: 0.00 seconds
[DEBUG] Migration already effectively installed (skipped): \phpbb\db\migration\data\v310\notifications_cron_p2
[DEBUG] Migration already effectively installed (skipped): \phpbb\db\migration\data\v310\soft_delete_mod_convert2
[DEBUG] Migration already effectively installed (skipped): \phpbb\db\migration\data\v310\timezone
[DEBUG] Migration already effectively installed (skipped): \phpbb\db\migration\data\v310\profilefield_icq_cleanup
[DEBUG] Migration already effectively installed (skipped): \phpbb\db\migration\data\v310\avatar_types
[DEBUG] Migration already effectively installed (skipped): \phpbb\db\migration\data\v310\softdelete_p1
[DEBUG] Migration already effectively installed (skipped): \phpbb\db\migration\data\v310\profilefield_occupation
[DEBUG] Migration already effectively installed (skipped): \phpbb\db\migration\data\v310\notification_options_reconvert
[DEBUG] Migration already effectively installed (skipped): \phpbb\db\migration\data\v310\forgot_password
[DEBUG] Migration already effectively installed (skipped): \phpbb\db\migration\data\v310\notifications_schema_fix
[DEBUG] Migration already effectively installed (skipped): \phpbb\db\migration\data\v310\profilefield_aol_cleanup
[DEBUG] Migration already effectively installed (skipped): \phpbb\db\migration\data\v310\style_update_p2
[DEBUG] Migration already effectively installed (skipped): \phpbb\db\migration\data\v310\passwords_p2
[DEBUG] Migration already effectively installed (skipped): \phpbb\db\migration\data\v310\profilefield_show_novalue
[DEBUG] Migration already effectively installed (skipped): \phpbb\db\migration\data\v310\config_db_text
[DEBUG] Migration already effectively installed (skipped): \phpbb\db\migration\data\v310\profilefield_icq
[DEBUG] Migration already effectively installed (skipped): \phpbb\db\migration\data\v310\search_type
[DEBUG] Migration already effectively installed (skipped): \phpbb\db\migration\data\v310\profilefield_youtube
[DEBUG] Migration already effectively installed (skipped): \phpbb\db\migration\data\v310\profilefield_twitter
[DEBUG] Migration already effectively installed (skipped): \phpbb\db\migration\data\v310\live_searches_config
[DEBUG] Migration already effectively installed (skipped): \phpbb\db\migration\data\v310\beta4
[DEBUG] Migration already effectively installed (skipped): \phpbb\db\migration\data\v310\acp_style_components_module
[DEBUG] Migration already effectively installed (skipped): \phpbb\db\migration\data\v310\softdelete_p2
[DEBUG] Migration already effectively installed (skipped): \phpbb\db\migration\data\v310\rc1
[DEBUG] Migration already effectively installed (skipped): \phpbb\db\migration\data\v310\alpha3
[DEBUG] Migration already effectively installed (skipped): \phpbb\db\migration\data\v310\profilefield_yahoo
[DEBUG] Migration already effectively installed (skipped): \phpbb\db\migration\data\v310\signature_module_auth
[DEBUG] Migration already effectively installed (skipped): \phpbb\db\migration\data\v310\beta2
[DEBUG] Migration already effectively installed (skipped): \phpbb\db\migration\data\v310\profilefield_on_memberlist
[DEBUG] Migration already effectively installed (skipped): \phpbb\db\migration\data\v310\ucp_popuppm_module
[DEBUG] Migration already effectively installed (skipped): \phpbb\db\migration\data\v310\jquery_update2
[DEBUG] Migration already effectively installed (skipped): \phpbb\db\migration\data\v310\avatars
[DEBUG] Migration already effectively installed (skipped): \phpbb\db\migration\data\v310\notifications_cron
[DEBUG] Migration already effectively installed (skipped): \phpbb\db\migration\data\v310\profilefield_field_validation_length
[DEBUG] Migration already effectively installed (skipped): \phpbb\db\migration\data\v310\allow_cdn
[DEBUG] Migration already effectively installed (skipped): \phpbb\db\migration\data\v310\profilefield_location_cleanup
[DEBUG] Migration already effectively installed (skipped): \phpbb\db\migration\data\v310\rename_too_long_indexes
[DEBUG] Migration already effectively installed (skipped): \phpbb\db\migration\data\v310\jquery_update
[DEBUG] Migration already effectively installed (skipped): \phpbb\db\migration\data\v310\contact_admin_acp_module
[DEBUG] Migration already effectively installed (skipped): \phpbb\db\migration\data\v310\profilefield_interests
[DEBUG] Migration already effectively installed (skipped): \phpbb\db\migration\data\v310\captcha_plugins
[DEBUG] Migration already effectively installed (skipped): \phpbb\db\migration\data\v310\profilefield_yahoo_cleanup
[DEBUG] Migration already effectively installed (skipped): \phpbb\db\migration\data\v310\migrations_table
[DEBUG] Migration already effectively installed (skipped): \phpbb\db\migration\data\v310\profilefield_location
[DEBUG] Migration already effectively installed (skipped): \phpbb\db\migration\data\v310\profilefield_contact_field
[DEBUG] Migration already effectively installed (skipped): \phpbb\db\migration\data\v310\profilefield_change_load_settings
[DEBUG] Migration already effectively installed (skipped): \phpbb\db\migration\data\v310\beta1
[DEBUG] Migration already effectively installed (skipped): \phpbb\db\migration\data\v310\profilefield_types
[DEBUG] Migration already effectively installed (skipped): \phpbb\db\migration\data\v310\profilefield_wlm
[DEBUG] Migration already effectively installed (skipped): \phpbb\db\migration\data\v310\contact_admin_form
[DEBUG] Migration already effectively installed (skipped): \phpbb\db\migration\data\v310\bot_update
[DEBUG] Migration already effectively installed (skipped): \phpbb\db\migration\data\v310\rc4
[DEBUG] Migration already effectively installed (skipped): \phpbb\db\migration\data\v310\profilefield_website_cleanup
[DEBUG] Migration already effectively installed (skipped): \phpbb\db\migration\data\v310\mod_rewrite
[DEBUG] Migration already effectively installed (skipped): \phpbb\db\migration\data\v310\reported_posts_display
[DEBUG] Migration already effectively installed (skipped): \phpbb\db\migration\data\v310\profilefield_cleanup
[DEBUG] Migration already effectively installed (skipped): \phpbb\db\migration\data\v310\alpha1
[DEBUG] Migration already effectively installed (skipped): \phpbb\db\migration\data\v310\extensions
[DEBUG] Migration already effectively installed (skipped): \phpbb\db\migration\data\v310\acp_prune_users_module
[DEBUG] Migration already effectively installed (skipped): \phpbb\db\migration\data\v310\extensions_version_check_force_unstable
[DEBUG] Migration already effectively installed (skipped): \phpbb\db\migration\data\v310\notifications
[DEBUG] Migration already effectively installed (skipped): \phpbb\db\migration\data\v310\soft_delete_mod_convert
[DEBUG] Migration already effectively installed (skipped): \phpbb\db\migration\data\v310\alpha2
[DEBUG] Migration already effectively installed (skipped): \phpbb\db\migration\data\v310\namespaces
[DEBUG] Migration already effectively installed (skipped): \phpbb\db\migration\data\v310\profilefield_wlm_cleanup
[DEBUG] Migration already effectively installed (skipped): \phpbb\db\migration\data\v310\reset_missing_captcha_plugin
[DEBUG] Migration already effectively installed (skipped): \phpbb\db\migration\data\v310\gold
[DEBUG] Migration already effectively installed (skipped): \phpbb\db\migration\data\v310\auth_provider_oauth
[DEBUG] Migration already effectively installed (skipped): \phpbb\db\migration\data\v310\plupload
[DEBUG] Migration already effectively installed (skipped): \phpbb\db\migration\data\v310\topic_sort_username
[DEBUG] Migration already effectively installed (skipped): \phpbb\db\migration\data\v310\profilefield_skype
[DEBUG] Migration already effectively installed (skipped): \phpbb\db\migration\data\v310\profilefield_website
[DEBUG] Migration already effectively installed (skipped): \phpbb\db\migration\data\v310\passwords
[DEBUG] Migration already effectively installed (skipped): \phpbb\db\migration\data\v310\mysql_fulltext_drop
[DEBUG] Migration already effectively installed (skipped): \phpbb\db\migration\data\v310\postgres_fulltext_drop
[DEBUG] Migration already effectively installed (skipped): \phpbb\db\migration\data\v310\profilefield_facebook
[DEBUG] Migration already effectively installed (skipped): \phpbb\db\migration\data\v310\rc3
[DEBUG] Migration already effectively installed (skipped): \phpbb\db\migration\data\v310\rc2
[DEBUG] Migration already effectively installed (skipped): \phpbb\db\migration\data\v310\dev
[DEBUG] Migration already effectively installed (skipped): \phpbb\db\migration\data\v310\teampage
[DEBUG] Migration already effectively installed (skipped): \phpbb\db\migration\data\v310\remove_acp_styles_cache
[DEBUG] Migration already effectively installed (skipped): \phpbb\db\migration\data\v310\rc6
[DEBUG] Migration already effectively installed (skipped): \phpbb\db\migration\data\v310\prune_shadow_topics
[DEBUG] Migration already effectively installed (skipped): \phpbb\db\migration\data\v310\profilefield_googleplus
[DEBUG] Migration already effectively installed (skipped): \phpbb\db\migration\data\v310\timezone_p2
[DEBUG] Migration already effectively installed (skipped): \phpbb\db\migration\data\v310\boardindex
[DEBUG] Migration already effectively installed (skipped): \phpbb\db\migration\data\v310\beta3
[DEBUG] Migration already effectively installed (skipped): \phpbb\db\migration\data\v310\style_update_p1
[DEBUG] Migration already effectively installed (skipped): \phpbb\db\migration\data\v310\notifications_use_full_name
[DEBUG] Migration already effectively installed (skipped): \phpbb\db\migration\data\v310\softdelete_mcp_modules
[DEBUG] Migration already effectively installed (skipped): \phpbb\db\migration\data\v310\board_contact_name
[DEBUG] Migration already effectively installed (skipped): \phpbb\db\migration\data\v310\rc5
[DEBUG] Migration already effectively installed (skipped): \phpbb\db\migration\data\v310\profilefield_aol
[DEBUG] Migration already effectively installed (skipped): \phpbb\db\migration\data\v310\passwords_convert_p1
[DEBUG] Migration already effectively installed (skipped): \phpbb\db\migration\data\v310\auth_provider_oauth2
[DEBUG] Migration already effectively installed (skipped): \phpbb\db\migration\data\v310\passwords_convert_p2
[DEBUG] Migration already effectively installed (skipped): \phpbb\db\migration\data\v31x\v314rc2
[DEBUG] Migration already effectively installed (skipped): \phpbb\db\migration\data\v31x\v316rc1
[DEBUG] Migration already effectively installed (skipped): \phpbb\db\migration\data\v31x\v312rc1
[DEBUG] Migration already effectively installed (skipped): \phpbb\db\migration\data\v31x\v317rc1
[DEBUG] Migration already effectively installed (skipped): \phpbb\db\migration\data\v31x\v315rc1
[DEBUG] Migration already effectively installed (skipped): \phpbb\db\migration\data\v31x\v3110rc1
[DEBUG] Migration already effectively installed (skipped): \phpbb\db\migration\data\v31x\v317pl1
[DEBUG] Migration already effectively installed (skipped): \phpbb\db\migration\data\v31x\v3110
[DEBUG] Migration already effectively installed (skipped): \phpbb\db\migration\data\v31x\style_update
[DEBUG] Migration already effectively installed (skipped): \phpbb\db\migration\data\v31x\v318rc1
[DEBUG] Migration already effectively installed (skipped): \phpbb\db\migration\data\v31x\v315
[DEBUG] Migration already effectively installed (skipped): \phpbb\db\migration\data\v31x\m_pm_report
[DEBUG] Migration already effectively installed (skipped): \phpbb\db\migration\data\v31x\v313rc2
[DEBUG] Migration already effectively installed (skipped): \phpbb\db\migration\data\v31x\v312
[DEBUG] Migration already effectively installed (skipped): \phpbb\db\migration\data\v31x\m_softdelete_global
[DEBUG] Migration already effectively installed (skipped): \phpbb\db\migration\data\v31x\profilefield_yahoo_update_url
[DEBUG] Migration already effectively installed (skipped): \phpbb\db\migration\data\v31x\v314rc1
[DEBUG] Migration already effectively installed (skipped): \phpbb\db\migration\data\v31x\v319
[DEBUG] Migration already effectively installed (skipped): \phpbb\db\migration\data\v31x\v313
[DEBUG] Migration already effectively installed (skipped): \phpbb\db\migration\data\v31x\increase_size_of_dateformat
[DEBUG] Migration already effectively installed (skipped): \phpbb\db\migration\data\v31x\v319rc1
[DEBUG] Migration already effectively installed (skipped): \phpbb\db\migration\data\v31x\v318
[DEBUG] Migration already effectively installed (skipped): \phpbb\db\migration\data\v31x\update_custom_bbcodes_with_idn
[DEBUG] Migration already effectively installed (skipped): \phpbb\db\migration\data\v31x\v317
[DEBUG] Migration already effectively installed (skipped): \phpbb\db\migration\data\v31x\v316
[DEBUG] Migration already effectively installed (skipped): \phpbb\db\migration\data\v31x\profilefield_remove_underscore_from_alpha
[DEBUG] Migration already effectively installed (skipped): \phpbb\db\migration\data\v31x\v314
[DEBUG] Migration already effectively installed (skipped): \phpbb\db\migration\data\v31x\plupload_last_gc_dynamic
[DEBUG] Migration already effectively installed (skipped): \phpbb\db\migration\data\v31x\v311
[DEBUG] Migration already effectively installed (skipped): \phpbb\db\migration\data\v31x\v313rc1
[DEBUG] Apply dependencies of \phpbb\db\migration\data\v31x\add_log_time_index.
[DEBUG] Installing Schema: \phpbb\db\migration\data\v31x\add_log_time_index.
[INFO] Installed Schema: \phpbb\db\migration\data\v31x\add_log_time_index; Time: 0.08 seconds
[DEBUG] Migration already effectively installed (skipped): \phpbb\db\migration\data\v310\notifications_cron_p2
[DEBUG] Migration already effectively installed (skipped): \phpbb\db\migration\data\v310\soft_delete_mod_convert2
[DEBUG] Migration already effectively installed (skipped): \phpbb\db\migration\data\v310\timezone
[DEBUG] Migration already effectively installed (skipped): \phpbb\db\migration\data\v310\profilefield_icq_cleanup
[DEBUG] Migration already effectively installed (skipped): \phpbb\db\migration\data\v310\avatar_types
[DEBUG] Migration already effectively installed (skipped): \phpbb\db\migration\data\v310\softdelete_p1
[DEBUG] Migration already effectively installed (skipped): \phpbb\db\migration\data\v310\profilefield_occupation
[DEBUG] Migration already effectively installed (skipped): \phpbb\db\migration\data\v310\notification_options_reconvert
[DEBUG] Migration already effectively installed (skipped): \phpbb\db\migration\data\v310\forgot_password
[DEBUG] Migration already effectively installed (skipped): \phpbb\db\migration\data\v310\notifications_schema_fix
[DEBUG] Migration already effectively installed (skipped): \phpbb\db\migration\data\v310\profilefield_aol_cleanup
[DEBUG] Migration already effectively installed (skipped): \phpbb\db\migration\data\v310\style_update_p2
[DEBUG] Migration already effectively installed (skipped): \phpbb\db\migration\data\v310\passwords_p2
[DEBUG] Migration already effectively installed (skipped): \phpbb\db\migration\data\v310\profilefield_show_novalue
[DEBUG] Migration already effectively installed (skipped): \phpbb\db\migration\data\v310\config_db_text
[DEBUG] Migration already effectively installed (skipped): \phpbb\db\migration\data\v310\profilefield_icq
[DEBUG] Migration already effectively installed (skipped): \phpbb\db\migration\data\v310\search_type
[DEBUG] Migration already effectively installed (skipped): \phpbb\db\migration\data\v310\profilefield_youtube
[DEBUG] Migration already effectively installed (skipped): \phpbb\db\migration\data\v310\profilefield_twitter
[DEBUG] Migration already effectively installed (skipped): \phpbb\db\migration\data\v310\live_searches_config
[DEBUG] Migration already effectively installed (skipped): \phpbb\db\migration\data\v310\beta4
[DEBUG] Migration already effectively installed (skipped): \phpbb\db\migration\data\v310\acp_style_components_module
[DEBUG] Migration already effectively installed (skipped): \phpbb\db\migration\data\v310\softdelete_p2
[DEBUG] Migration already effectively installed (skipped): \phpbb\db\migration\data\v310\rc1
[DEBUG] Migration already effectively installed (skipped): \phpbb\db\migration\data\v310\alpha3
[DEBUG] Migration already effectively installed (skipped): \phpbb\db\migration\data\v310\profilefield_yahoo
[DEBUG] Migration already effectively installed (skipped): \phpbb\db\migration\data\v310\signature_module_auth
[DEBUG] Migration already effectively installed (skipped): \phpbb\db\migration\data\v310\beta2
[DEBUG] Migration already effectively installed (skipped): \phpbb\db\migration\data\v310\profilefield_on_memberlist
[DEBUG] Migration already effectively installed (skipped): \phpbb\db\migration\data\v310\ucp_popuppm_module
[DEBUG] Migration already effectively installed (skipped): \phpbb\db\migration\data\v310\jquery_update2
[DEBUG] Migration already effectively installed (skipped): \phpbb\db\migration\data\v310\avatars
[DEBUG] Migration already effectively installed (skipped): \phpbb\db\migration\data\v310\notifications_cron
[DEBUG] Migration already effectively installed (skipped): \phpbb\db\migration\data\v310\profilefield_field_validation_length
[DEBUG] Migration already effectively installed (skipped): \phpbb\db\migration\data\v310\allow_cdn
[DEBUG] Migration already effectively installed (skipped): \phpbb\db\migration\data\v310\profilefield_location_cleanup
[DEBUG] Migration already effectively installed (skipped): \phpbb\db\migration\data\v310\rename_too_long_indexes
[DEBUG] Migration already effectively installed (skipped): \phpbb\db\migration\data\v310\jquery_update
[DEBUG] Migration already effectively installed (skipped): \phpbb\db\migration\data\v310\contact_admin_acp_module
[DEBUG] Migration already effectively installed (skipped): \phpbb\db\migration\data\v310\profilefield_interests
[DEBUG] Migration already effectively installed (skipped): \phpbb\db\migration\data\v310\captcha_plugins
[DEBUG] Migration already effectively installed (skipped): \phpbb\db\migration\data\v310\profilefield_yahoo_cleanup
[DEBUG] Migration already effectively installed (skipped): \phpbb\db\migration\data\v310\migrations_table
[DEBUG] Migration already effectively installed (skipped): \phpbb\db\migration\data\v310\profilefield_location
[DEBUG] Migration already effectively installed (skipped): \phpbb\db\migration\data\v310\profilefield_contact_field
[DEBUG] Migration already effectively installed (skipped): \phpbb\db\migration\data\v310\profilefield_change_load_settings
[DEBUG] Migration already effectively installed (skipped): \phpbb\db\migration\data\v310\beta1
[DEBUG] Migration already effectively installed (skipped): \phpbb\db\migration\data\v310\profilefield_types
[DEBUG] Migration already effectively installed (skipped): \phpbb\db\migration\data\v310\profilefield_wlm
[DEBUG] Migration already effectively installed (skipped): \phpbb\db\migration\data\v310\contact_admin_form
[DEBUG] Migration already effectively installed (skipped): \phpbb\db\migration\data\v310\bot_update
[DEBUG] Migration already effectively installed (skipped): \phpbb\db\migration\data\v310\rc4
[DEBUG] Migration already effectively installed (skipped): \phpbb\db\migration\data\v310\profilefield_website_cleanup
[DEBUG] Migration already effectively installed (skipped): \phpbb\db\migration\data\v310\mod_rewrite
[DEBUG] Migration already effectively installed (skipped): \phpbb\db\migration\data\v310\reported_posts_display
[DEBUG] Migration already effectively installed (skipped): \phpbb\db\migration\data\v310\profilefield_cleanup
[DEBUG] Migration already effectively installed (skipped): \phpbb\db\migration\data\v310\alpha1
[DEBUG] Migration already effectively installed (skipped): \phpbb\db\migration\data\v310\extensions
[DEBUG] Migration already effectively installed (skipped): \phpbb\db\migration\data\v310\acp_prune_users_module
[DEBUG] Migration already effectively installed (skipped): \phpbb\db\migration\data\v310\extensions_version_check_force_unstable
[DEBUG] Migration already effectively installed (skipped): \phpbb\db\migration\data\v310\notifications
[DEBUG] Migration already effectively installed (skipped): \phpbb\db\migration\data\v310\soft_delete_mod_convert
[DEBUG] Migration already effectively installed (skipped): \phpbb\db\migration\data\v310\alpha2
[DEBUG] Migration already effectively installed (skipped): \phpbb\db\migration\data\v310\namespaces
[DEBUG] Migration already effectively installed (skipped): \phpbb\db\migration\data\v310\profilefield_wlm_cleanup
[DEBUG] Migration already effectively installed (skipped): \phpbb\db\migration\data\v310\reset_missing_captcha_plugin
[DEBUG] Migration already effectively installed (skipped): \phpbb\db\migration\data\v310\gold
[DEBUG] Migration already effectively installed (skipped): \phpbb\db\migration\data\v310\auth_provider_oauth
[DEBUG] Migration already effectively installed (skipped): \phpbb\db\migration\data\v310\plupload
[DEBUG] Migration already effectively installed (skipped): \phpbb\db\migration\data\v310\topic_sort_username
[DEBUG] Migration already effectively installed (skipped): \phpbb\db\migration\data\v310\profilefield_skype
[DEBUG] Migration already effectively installed (skipped): \phpbb\db\migration\data\v310\profilefield_website
[DEBUG] Migration already effectively installed (skipped): \phpbb\db\migration\data\v310\passwords
[DEBUG] Migration already effectively installed (skipped): \phpbb\db\migration\data\v310\mysql_fulltext_drop
[DEBUG] Migration already effectively installed (skipped): \phpbb\db\migration\data\v310\postgres_fulltext_drop
[DEBUG] Migration already effectively installed (skipped): \phpbb\db\migration\data\v310\profilefield_facebook
[DEBUG] Migration already effectively installed (skipped): \phpbb\db\migration\data\v310\rc3
[DEBUG] Migration already effectively installed (skipped): \phpbb\db\migration\data\v310\rc2
[DEBUG] Migration already effectively installed (skipped): \phpbb\db\migration\data\v310\dev
[DEBUG] Migration already effectively installed (skipped): \phpbb\db\migration\data\v310\teampage
[DEBUG] Migration already effectively installed (skipped): \phpbb\db\migration\data\v310\remove_acp_styles_cache
[DEBUG] Migration already effectively installed (skipped): \phpbb\db\migration\data\v310\rc6
[DEBUG] Migration already effectively installed (skipped): \phpbb\db\migration\data\v310\prune_shadow_topics
[DEBUG] Migration already effectively installed (skipped): \phpbb\db\migration\data\v310\profilefield_googleplus
[DEBUG] Migration already effectively installed (skipped): \phpbb\db\migration\data\v310\timezone_p2
[DEBUG] Migration already effectively installed (skipped): \phpbb\db\migration\data\v310\boardindex
[DEBUG] Migration already effectively installed (skipped): \phpbb\db\migration\data\v310\beta3
[DEBUG] Migration already effectively installed (skipped): \phpbb\db\migration\data\v310\style_update_p1
[DEBUG] Migration already effectively installed (skipped): \phpbb\db\migration\data\v310\notifications_use_full_name
[DEBUG] Migration already effectively installed (skipped): \phpbb\db\migration\data\v310\softdelete_mcp_modules
[DEBUG] Migration already effectively installed (skipped): \phpbb\db\migration\data\v310\board_contact_name
[DEBUG] Migration already effectively installed (skipped): \phpbb\db\migration\data\v310\rc5
[DEBUG] Migration already effectively installed (skipped): \phpbb\db\migration\data\v310\profilefield_aol
[DEBUG] Migration already effectively installed (skipped): \phpbb\db\migration\data\v310\passwords_convert_p1
[DEBUG] Migration already effectively installed (skipped): \phpbb\db\migration\data\v310\auth_provider_oauth2
[DEBUG] Migration already effectively installed (skipped): \phpbb\db\migration\data\v310\passwords_convert_p2
[DEBUG] Migration already effectively installed (skipped): \phpbb\db\migration\data\v31x\v314rc2
[DEBUG] Migration already effectively installed (skipped): \phpbb\db\migration\data\v31x\v316rc1
[DEBUG] Migration already effectively installed (skipped): \phpbb\db\migration\data\v31x\v312rc1
[DEBUG] Migration already effectively installed (skipped): \phpbb\db\migration\data\v31x\v317rc1
[DEBUG] Migration already effectively installed (skipped): \phpbb\db\migration\data\v31x\v315rc1
[DEBUG] Migration already effectively installed (skipped): \phpbb\db\migration\data\v31x\v3110rc1
[DEBUG] Migration already effectively installed (skipped): \phpbb\db\migration\data\v31x\v317pl1
[DEBUG] Migration already effectively installed (skipped): \phpbb\db\migration\data\v31x\v3110
[DEBUG] Migration already effectively installed (skipped): \phpbb\db\migration\data\v31x\style_update
[DEBUG] Migration already effectively installed (skipped): \phpbb\db\migration\data\v31x\v318rc1
[DEBUG] Migration already effectively installed (skipped): \phpbb\db\migration\data\v31x\v315
[DEBUG] Migration already effectively installed (skipped): \phpbb\db\migration\data\v31x\m_pm_report
[DEBUG] Migration already effectively installed (skipped): \phpbb\db\migration\data\v31x\v313rc2
[DEBUG] Migration already effectively installed (skipped): \phpbb\db\migration\data\v31x\v312
[DEBUG] Migration already effectively installed (skipped): \phpbb\db\migration\data\v31x\m_softdelete_global
[DEBUG] Migration already effectively installed (skipped): \phpbb\db\migration\data\v31x\profilefield_yahoo_update_url
[DEBUG] Migration already effectively installed (skipped): \phpbb\db\migration\data\v31x\v314rc1
[DEBUG] Migration already effectively installed (skipped): \phpbb\db\migration\data\v31x\v319
[DEBUG] Migration already effectively installed (skipped): \phpbb\db\migration\data\v31x\v313
[DEBUG] Migration already effectively installed (skipped): \phpbb\db\migration\data\v31x\increase_size_of_dateformat
[DEBUG] Migration already effectively installed (skipped): \phpbb\db\migration\data\v31x\v319rc1
[DEBUG] Migration already effectively installed (skipped): \phpbb\db\migration\data\v31x\v318
[DEBUG] Migration already effectively installed (skipped): \phpbb\db\migration\data\v31x\update_custom_bbcodes_with_idn
[DEBUG] Migration already effectively installed (skipped): \phpbb\db\migration\data\v31x\v317
[DEBUG] Migration already effectively installed (skipped): \phpbb\db\migration\data\v31x\v316
[DEBUG] Migration already effectively installed (skipped): \phpbb\db\migration\data\v31x\profilefield_remove_underscore_from_alpha
[DEBUG] Migration already effectively installed (skipped): \phpbb\db\migration\data\v31x\v314
[DEBUG] Migration already effectively installed (skipped): \phpbb\db\migration\data\v31x\plupload_last_gc_dynamic
[DEBUG] Migration already effectively installed (skipped): \phpbb\db\migration\data\v31x\v311
[DEBUG] Migration already effectively installed (skipped): \phpbb\db\migration\data\v31x\v313rc1
[DEBUG] Apply dependencies of \phpbb\db\migration\data\v31x\add_log_time_index.
[DEBUG] Installing Data: \phpbb\db\migration\data\v31x\add_log_time_index.
[INFO] Installed Data: \phpbb\db\migration\data\v31x\add_log_time_index; Time: 0.00 seconds
